<?xml version="1.0" encoding="UTF-8"?>
<testsuite xmlns:xsi="http://www.w3.org/2001/XMLSchema-instance" xsi:noNamespaceSchemaLocation="https://maven.apache.org/surefire/maven-surefire-plugin/xsd/surefire-test-report.xsd" name="CSc483.AppTest" time="2.184" tests="5" errors="0" skipped="0" failures="0">
  <properties>
    <property name="sun.desktop" value="windows"/>
    <property name="awt.toolkit" value="sun.awt.windows.WToolkit"/>
    <property name="java.specification.version" value="11"/>
    <property name="sun.cpu.isalist" value="amd64"/>
    <property name="sun.jnu.encoding" value="Cp1252"/>
    <property name="java.class.path" value="C:\Users\Wenmo\Google-Drive\CSC-583\New-folder\CSc483WatsonMinch-minchdavidm\CSc483WatsonMinch-e9f1b28bb21cd3a87eea00b0423ae1378cdb7b76\BuildingWatsonMinchDavidM\target\test-classes;C:\Users\Wenmo\Google-Drive\CSC-583\New-folder\CSc483WatsonMinch-minchdavidm\CSc483WatsonMinch-e9f1b28bb21cd3a87eea00b0423ae1378cdb7b76\BuildingWatsonMinchDavidM\target\classes;C:\Users\Wenmo\.m2\repository\org\junit\jupiter\junit-jupiter-engine\5.3.1\junit-jupiter-engine-5.3.1.jar;C:\Users\Wenmo\.m2\repository\org\apiguardian\apiguardian-api\1.0.0\apiguardian-api-1.0.0.jar;C:\Users\Wenmo\.m2\repository\org\junit\platform\junit-platform-engine\1.3.1\junit-platform-engine-1.3.1.jar;C:\Users\Wenmo\.m2\repository\org\junit\platform\junit-platform-commons\1.3.1\junit-platform-commons-1.3.1.jar;C:\Users\Wenmo\.m2\repository\org\opentest4j\opentest4j\1.1.1\opentest4j-1.1.1.jar;C:\Users\Wenmo\.m2\repository\org\junit\jupiter\junit-jupiter-api\5.3.1\junit-jupiter-api-5.3.1.jar;C:\Users\Wenmo\.m2\repository\org\slf4j\slf4j-api\1.7.25\slf4j-api-1.7.25.jar;C:\Users\Wenmo\.m2\repository\edu\stanford\nlp\stanford-corenlp\3.9.2\stanford-corenlp-3.9.2.jar;C:\Users\Wenmo\.m2\repository\com\apple\AppleJavaExtensions\1.4\AppleJavaExtensions-1.4.jar;C:\Users\Wenmo\.m2\repository\de\jollyday\jollyday\0.4.9\jollyday-0.4.9.jar;C:\Users\Wenmo\.m2\repository\org\apache\commons\commons-lang3\3.3.1\commons-lang3-3.3.1.jar;C:\Users\Wenmo\.m2\repository\org\apache\lucene\lucene-queries\4.10.3\lucene-queries-4.10.3.jar;C:\Users\Wenmo\.m2\repository\javax\servlet\javax.servlet-api\3.0.1\javax.servlet-api-3.0.1.jar;C:\Users\Wenmo\.m2\repository\com\io7m\xom\xom\1.2.10\xom-1.2.10.jar;C:\Users\Wenmo\.m2\repository\xml-apis\xml-apis\1.3.03\xml-apis-1.3.03.jar;C:\Users\Wenmo\.m2\repository\xerces\xercesImpl\2.8.0\xercesImpl-2.8.0.jar;C:\Users\Wenmo\.m2\repository\xalan\xalan\2.7.0\xalan-2.7.0.jar;C:\Users\Wenmo\.m2\repository\joda-time\joda-time\2.9.4\joda-time-2.9.4.jar;C:\Users\Wenmo\.m2\repository\com\googlecode\efficient-java-matrix-library\ejml\0.23\ejml-0.23.jar;C:\Users\Wenmo\.m2\repository\org\glassfish\javax.json\1.0.4\javax.json-1.0.4.jar;C:\Users\Wenmo\.m2\repository\com\google\protobuf\protobuf-java\3.2.0\protobuf-java-3.2.0.jar;C:\Users\Wenmo\.m2\repository\javax\activation\javax.activation-api\1.2.0\javax.activation-api-1.2.0.jar;C:\Users\Wenmo\.m2\repository\javax\xml\bind\jaxb-api\2.4.0-b180830.0359\jaxb-api-2.4.0-b180830.0359.jar;C:\Users\Wenmo\.m2\repository\com\sun\xml\bind\jaxb-core\2.3.0.1\jaxb-core-2.3.0.1.jar;C:\Users\Wenmo\.m2\repository\com\sun\xml\bind\jaxb-impl\2.4.0-b180830.0438\jaxb-impl-2.4.0-b180830.0438.jar;C:\Users\Wenmo\.m2\repository\edu\stanford\nlp\stanford-corenlp\3.9.2\stanford-corenlp-3.9.2-javadoc.jar;C:\Users\Wenmo\.m2\repository\edu\stanford\nlp\stanford-corenlp\3.9.2\stanford-corenlp-3.9.2-sources.jar;C:\Users\Wenmo\.m2\repository\edu\stanford\nlp\stanford-corenlp\3.9.2\stanford-corenlp-3.9.2-models.jar;C:\Users\Wenmo\.m2\repository\org\apache\lucene\lucene-core\7.7.1\lucene-core-7.7.1.jar;C:\Users\Wenmo\.m2\repository\org\apache\lucene\lucene-queryparser\7.7.1\lucene-queryparser-7.7.1.jar;C:\Users\Wenmo\.m2\repository\org\apache\lucene\lucene-sandbox\7.7.1\lucene-sandbox-7.7.1.jar;C:\Users\Wenmo\.m2\repository\org\apache\lucene\lucene-analyzers-common\7.7.1\lucene-analyzers-common-7.7.1.jar;C:\Users\Wenmo\.m2\repository\org\slf4j\slf4j-simple\1.7.25\slf4j-simple-1.7.25.jar;"/>
    <property name="java.vm.vendor" value="Oracle Corporation"/>
    <property name="sun.arch.data.model" value="64"/>
    <property name="user.variant" value=""/>
    <property name="java.vendor.url" value="http://java.oracle.com/"/>
    <property name="user.timezone" value="America/Phoenix"/>
    <property name="java.vm.specification.version" value="11"/>
    <property name="os.name" value="Windows 10"/>
    <property name="sun.java.launcher" value="SUN_STANDARD"/>
    <property name="user.country" value="US"/>
    <property name="sun.boot.library.path" value="C:\Program Files\Java\jdk-11.0.2\bin"/>
    <property name="sun.java.command" value="C:\Users\Wenmo\AppData\Local\Temp\surefire12249868032176065532\surefirebooter16917227738718234622.jar C:\Users\Wenmo\AppData\Local\Temp\surefire12249868032176065532 2020-12-04T16-28-49_816-jvmRun1 surefire7324388587509440265tmp surefire_01902094449994118669tmp"/>
    <property name="jdk.debug" value="release"/>
    <property name="surefire.test.class.path" value="C:\Users\Wenmo\Google-Drive\CSC-583\New-folder\CSc483WatsonMinch-minchdavidm\CSc483WatsonMinch-e9f1b28bb21cd3a87eea00b0423ae1378cdb7b76\BuildingWatsonMinchDavidM\target\test-classes;C:\Users\Wenmo\Google-Drive\CSC-583\New-folder\CSc483WatsonMinch-minchdavidm\CSc483WatsonMinch-e9f1b28bb21cd3a87eea00b0423ae1378cdb7b76\BuildingWatsonMinchDavidM\target\classes;C:\Users\Wenmo\.m2\repository\org\junit\jupiter\junit-jupiter-engine\5.3.1\junit-jupiter-engine-5.3.1.jar;C:\Users\Wenmo\.m2\repository\org\apiguardian\apiguardian-api\1.0.0\apiguardian-api-1.0.0.jar;C:\Users\Wenmo\.m2\repository\org\junit\platform\junit-platform-engine\1.3.1\junit-platform-engine-1.3.1.jar;C:\Users\Wenmo\.m2\repository\org\junit\platform\junit-platform-commons\1.3.1\junit-platform-commons-1.3.1.jar;C:\Users\Wenmo\.m2\repository\org\opentest4j\opentest4j\1.1.1\opentest4j-1.1.1.jar;C:\Users\Wenmo\.m2\repository\org\junit\jupiter\junit-jupiter-api\5.3.1\junit-jupiter-api-5.3.1.jar;C:\Users\Wenmo\.m2\repository\org\slf4j\slf4j-api\1.7.25\slf4j-api-1.7.25.jar;C:\Users\Wenmo\.m2\repository\edu\stanford\nlp\stanford-corenlp\3.9.2\stanford-corenlp-3.9.2.jar;C:\Users\Wenmo\.m2\repository\com\apple\AppleJavaExtensions\1.4\AppleJavaExtensions-1.4.jar;C:\Users\Wenmo\.m2\repository\de\jollyday\jollyday\0.4.9\jollyday-0.4.9.jar;C:\Users\Wenmo\.m2\repository\org\apache\commons\commons-lang3\3.3.1\commons-lang3-3.3.1.jar;C:\Users\Wenmo\.m2\repository\org\apache\lucene\lucene-queries\4.10.3\lucene-queries-4.10.3.jar;C:\Users\Wenmo\.m2\repository\javax\servlet\javax.servlet-api\3.0.1\javax.servlet-api-3.0.1.jar;C:\Users\Wenmo\.m2\repository\com\io7m\xom\xom\1.2.10\xom-1.2.10.jar;C:\Users\Wenmo\.m2\repository\xml-apis\xml-apis\1.3.03\xml-apis-1.3.03.jar;C:\Users\Wenmo\.m2\repository\xerces\xercesImpl\2.8.0\xercesImpl-2.8.0.jar;C:\Users\Wenmo\.m2\repository\xalan\xalan\2.7.0\xalan-2.7.0.jar;C:\Users\Wenmo\.m2\repository\joda-time\joda-time\2.9.4\joda-time-2.9.4.jar;C:\Users\Wenmo\.m2\repository\com\googlecode\efficient-java-matrix-library\ejml\0.23\ejml-0.23.jar;C:\Users\Wenmo\.m2\repository\org\glassfish\javax.json\1.0.4\javax.json-1.0.4.jar;C:\Users\Wenmo\.m2\repository\com\google\protobuf\protobuf-java\3.2.0\protobuf-java-3.2.0.jar;C:\Users\Wenmo\.m2\repository\javax\activation\javax.activation-api\1.2.0\javax.activation-api-1.2.0.jar;C:\Users\Wenmo\.m2\repository\javax\xml\bind\jaxb-api\2.4.0-b180830.0359\jaxb-api-2.4.0-b180830.0359.jar;C:\Users\Wenmo\.m2\repository\com\sun\xml\bind\jaxb-core\2.3.0.1\jaxb-core-2.3.0.1.jar;C:\Users\Wenmo\.m2\repository\com\sun\xml\bind\jaxb-impl\2.4.0-b180830.0438\jaxb-impl-2.4.0-b180830.0438.jar;C:\Users\Wenmo\.m2\repository\edu\stanford\nlp\stanford-corenlp\3.9.2\stanford-corenlp-3.9.2-javadoc.jar;C:\Users\Wenmo\.m2\repository\edu\stanford\nlp\stanford-corenlp\3.9.2\stanford-corenlp-3.9.2-sources.jar;C:\Users\Wenmo\.m2\repository\edu\stanford\nlp\stanford-corenlp\3.9.2\stanford-corenlp-3.9.2-models.jar;C:\Users\Wenmo\.m2\repository\org\apache\lucene\lucene-core\7.7.1\lucene-core-7.7.1.jar;C:\Users\Wenmo\.m2\repository\org\apache\lucene\lucene-queryparser\7.7.1\lucene-queryparser-7.7.1.jar;C:\Users\Wenmo\.m2\repository\org\apache\lucene\lucene-sandbox\7.7.1\lucene-sandbox-7.7.1.jar;C:\Users\Wenmo\.m2\repository\org\apache\lucene\lucene-analyzers-common\7.7.1\lucene-analyzers-common-7.7.1.jar;C:\Users\Wenmo\.m2\repository\org\slf4j\slf4j-simple\1.7.25\slf4j-simple-1.7.25.jar;"/>
    <property name="sun.cpu.endian" value="little"/>
    <property name="user.home" value="C:\Users\Wenmo"/>
    <property name="user.language" value="en"/>
    <property name="java.specification.vendor" value="Oracle Corporation"/>
    <property name="java.version.date" value="2019-01-15"/>
    <property name="java.home" value="C:\Program Files\Java\jdk-11.0.2"/>
    <property name="file.separator" value="\"/>
    <property name="basedir" value="C:\Users\Wenmo\Google-Drive\CSC-583\New-folder\CSc483WatsonMinch-minchdavidm\CSc483WatsonMinch-e9f1b28bb21cd3a87eea00b0423ae1378cdb7b76\BuildingWatsonMinchDavidM"/>
    <property name="java.vm.compressedOopsMode" value="Zero based"/>
    <property name="line.separator" value="&#10;"/>
    <property name="java.specification.name" value="Java Platform API Specification"/>
    <property name="java.vm.specification.vendor" value="Oracle Corporation"/>
    <property name="java.awt.graphicsenv" value="sun.awt.Win32GraphicsEnvironment"/>
    <property name="surefire.real.class.path" value="C:\Users\Wenmo\AppData\Local\Temp\surefire12249868032176065532\surefirebooter16917227738718234622.jar"/>
    <property name="user.script" value=""/>
    <property name="sun.management.compiler" value="HotSpot 64-Bit Tiered Compilers"/>
    <property name="java.runtime.version" value="11.0.2+9"/>
    <property name="user.name" value="Wenmo"/>
    <property name="path.separator" value=";"/>
    <property name="os.version" value="10.0"/>
    <property name="java.runtime.name" value="OpenJDK Runtime Environment"/>
    <property name="file.encoding" value="Cp1252"/>
    <property name="java.vm.name" value="OpenJDK 64-Bit Server VM"/>
    <property name="java.vendor.version" value="18.9"/>
    <property name="localRepository" value="C:\Users\Wenmo\.m2\repository"/>
    <property name="java.vendor.url.bug" value="http://bugreport.java.com/bugreport/"/>
    <property name="java.io.tmpdir" value="C:\Users\Wenmo\AppData\Local\Temp\"/>
    <property name="idea.version" value="2020.2.3"/>
    <property name="java.version" value="11.0.2"/>
    <property name="user.dir" value="C:\Users\Wenmo\Google-Drive\CSC-583\New-folder\CSc483WatsonMinch-minchdavidm\CSc483WatsonMinch-e9f1b28bb21cd3a87eea00b0423ae1378cdb7b76\BuildingWatsonMinchDavidM"/>
    <property name="os.arch" value="amd64"/>
    <property name="java.vm.specification.name" value="Java Virtual Machine Specification"/>
    <property name="java.awt.printerjob" value="sun.awt.windows.WPrinterJob"/>
    <property name="sun.os.patch.level" value=""/>
    <property name="java.library.path" value="C:\Program Files\Java\jdk-11.0.2\bin;C:\WINDOWS\Sun\Java\bin;C:\WINDOWS\system32;C:\WINDOWS;C:\Program Files\Git\usr\local\bin;C:\Program Files\Git\bin;C:\Program Files\Java\jdk-11.0.2\bin;C:\Program Files (x86)\PerkinElmerInformatics\ChemOffice2016\ChemScript\Lib;C:\Program Files (x86)\Intel\iCLS Client\;C:\Program Files\Intel\iCLS Client\;C:\WINDOWS\system32;C:\WINDOWS;C:\WINDOWS\System32\Wbem;C:\WINDOWS\System32\WindowsPowerShell\v1.0\;C:\Program Files (x86)\Intel\Intel(R) Management Engine Components\DAL;C:\Program Files\Intel\Intel(R) Management Engine Components\DAL;C:\Program Files (x86)\Intel\Intel(R) Management Engine Components\IPT;C:\Program Files\Intel\Intel(R) Management Engine Components\IPT;C:\WINDOWS\System32\OpenSSH\;C:\Program Files\Intel\Intel(R) SSD Data Center Tool;C:\Program Files\Git\cmd;C:\Users\Wenmo\AppData\Local\Microsoft\WindowsApps;C:\Users\Wenmo\AppData\Local\GitHubDesktop\bin;C:\Program Files\JetBrains\PyCharm Community Edition 2020.2.1\bin;;."/>
    <property name="java.vendor" value="Oracle Corporation"/>
    <property name="java.vm.info" value="mixed mode"/>
    <property name="java.vm.version" value="11.0.2+9"/>
    <property name="sun.io.unicode.encoding" value="UnicodeLittle"/>
    <property name="java.class.version" value="55.0"/>
  </properties>
  <testcase name="testTitleCatcher" classname="CSc483.AppTest" time="0.044"/>
  <testcase name="testTextLemmenizer" classname="CSc483.AppTest" time="2.076"/>
  <testcase name="testParseArgs" classname="CSc483.AppTest" time="0.004"/>
  <testcase name="testJeopardyQuestionParser" classname="CSc483.AppTest" time="0.033"/>
  <testcase name="testParser" classname="CSc483.AppTest" time="0"/>
</testsuite>